[ATM]:[07/28/2020 11:51:34 AM]:WARNING:couldn't recognize data in image file "Data\icon.ico"
[ATM]:[07/28/2020 11:51:59 AM]:WARNING:couldn't recognize data in image file "Data\icon.ico"
[ATM]:[07/28/2020 11:52:00 AM]:DEBUG:creating entries....
[ATM]:[07/28/2020 11:52:00 AM]:DEBUG:creating buttons ....
[ATM]:[07/28/2020 11:52:42 AM]:INFO:user selected account type as Gold
[ATM]:[07/28/2020 11:52:42 AM]:DEBUG:creating a new account
[ATM]:[07/28/2020 11:52:42 AM]:INFO:checking first name...
[ATM]:[07/28/2020 11:52:42 AM]:INFO:checking last name...
[ATM]:[07/28/2020 11:52:42 AM]:DEBUG:checking middle name prakash
[ATM]:[07/28/2020 11:52:42 AM]:DEBUG:name is cheked, returning full name
[ATM]:[07/28/2020 11:52:42 AM]:DEBUG:checking CNIC : 1234567890123
[ATM]:[07/28/2020 11:52:42 AM]:INFO:CNIC checked...
[ATM]:[07/28/2020 11:52:42 AM]:INFO:creating account number using name :bhanu prakash redddy
[ATM]:[07/28/2020 11:52:42 AM]:INFO:creating a new file as 'Data\userdata.csv' in dir 'C:\Users\BHANU\Desktop\atm-project-GUI-master' 
[ATM]:[07/28/2020 11:52:42 AM]:INFO:user entered correct information and now prompting user for pin...
[ATM]:[07/28/2020 11:52:42 AM]:DEBUG:creating entries...
[ATM]:[07/28/2020 11:52:42 AM]:DEBUG:creating buttons....
[ATM]:[07/28/2020 11:52:50 AM]:INFO:pin matched successfully
[ATM]:[07/28/2020 11:52:50 AM]:INFO:account no generated successfully
[ATM]:[07/28/2020 11:52:53 AM]:DEBUG:writing data in file
[ATM]:[07/28/2020 11:52:53 AM]:INFO:data written successfully in file : userdata.csv
[ATM]:[07/28/2020 11:53:01 AM]:DEBUG:user selected login
[ATM]:[07/28/2020 11:53:01 AM]:DEBUG:username match found in data with name : bhanu prakash redddy
[ATM]:[07/28/2020 11:53:01 AM]:DEBUG:user entered correct pin
[ATM]:[07/28/2020 11:53:09 AM]:WARNING:couldn't recognize data in image file "Data\icon.ico"
[ATM]:[07/28/2020 11:53:09 AM]:DEBUG:creating entries....
[ATM]:[07/28/2020 11:53:09 AM]:DEBUG:creating buttons ....
[ATM]:[07/28/2020 11:55:23 AM]:INFO:exiting window
[ATM]:[07/28/2020 11:55:34 AM]:DEBUG:user selected login
[ATM]:[07/28/2020 11:55:34 AM]:DEBUG:username match found in data with name : bhanu prakash redddy
[ATM]:[07/28/2020 11:55:34 AM]:DEBUG:user entered correct pin
[ATM]:[07/28/2020 12:08:10 PM]:WARNING:couldn't recognize data in image file "Data\icon.ico"
[ATM]:[07/28/2020 12:10:16 PM]:WARNING:couldn't recognize data in image file "Data\icon.ico"
[ATM]:[07/28/2020 12:10:19 PM]:WARNING:couldn't recognize data in image file "Data\icon.ico"
[ATM]:[07/28/2020 12:10:19 PM]:DEBUG:creating entries....
[ATM]:[07/28/2020 12:10:20 PM]:DEBUG:creating buttons ....
[ATM]:[07/28/2020 12:10:26 PM]:INFO:exiting window
[ATM]:[07/28/2020 12:13:43 PM]:WARNING:couldn't recognize data in image file "Data\icon.ico"
[ATM]:[07/28/2020 12:14:12 PM]:WARNING:couldn't recognize data in image file "Data\icon.ico"
[ATM]:[07/28/2020 12:14:23 PM]:WARNING:couldn't recognize data in image file "Data\icon.ico"
[ATM]:[07/28/2020 12:14:23 PM]:DEBUG:creating entries....
[ATM]:[07/28/2020 12:14:23 PM]:DEBUG:creating buttons ....
[ATM]:[07/28/2020 12:15:44 PM]:WARNING:couldn't recognize data in image file "Data\icon.ico"
[ATM]:[07/28/2020 12:15:47 PM]:WARNING:couldn't recognize data in image file "Data\icon.ico"
[ATM]:[07/28/2020 12:15:47 PM]:DEBUG:creating entries....
[ATM]:[07/28/2020 12:15:47 PM]:DEBUG:creating buttons ....
[ATM]:[07/28/2020 12:16:23 PM]:INFO:user selected account type as Silver
[ATM]:[07/28/2020 12:16:23 PM]:DEBUG:creating a new account
[ATM]:[07/28/2020 12:16:23 PM]:INFO:checking first name...
[ATM]:[07/28/2020 12:16:23 PM]:INFO:checking last name...
[ATM]:[07/28/2020 12:16:23 PM]:INFO:return full name with no middle name
[ATM]:[07/28/2020 12:16:23 PM]:DEBUG:checking CNIC : 12345678
[ATM]:[07/28/2020 12:16:23 PM]:WARNING:invalid CNIC : 12345678
[ATM]:[07/28/2020 12:16:23 PM]:WARNING:user entered invalid CNIC : False
[ATM]:[07/28/2020 12:16:33 PM]:INFO:exiting window
[ATM]:[07/28/2020 12:16:55 PM]:WARNING:couldn't recognize data in image file "Data\icon.ico"
[ATM]:[07/28/2020 12:16:57 PM]:WARNING:couldn't recognize data in image file "Data\icon.ico"
[ATM]:[07/28/2020 12:16:57 PM]:DEBUG:creating entries....
[ATM]:[07/28/2020 12:16:57 PM]:DEBUG:creating buttons ....
[ATM]:[07/28/2020 12:17:03 PM]:INFO:exiting window
[ATM]:[07/28/2020 12:17:20 PM]:WARNING:couldn't recognize data in image file "Data\icon.ico"
[ATM]:[07/28/2020 12:17:22 PM]:WARNING:couldn't recognize data in image file "Data\icon.ico"
[ATM]:[07/28/2020 12:17:22 PM]:DEBUG:creating entries....
[ATM]:[07/28/2020 12:17:22 PM]:DEBUG:creating buttons ....
[ATM]:[07/28/2020 12:17:40 PM]:INFO:exiting window
[ATM]:[07/28/2020 12:19:13 PM]:WARNING:couldn't recognize data in image file "Data\icon.ico"
[ATM]:[07/28/2020 12:19:15 PM]:WARNING:couldn't recognize data in image file "Data\icon.ico"
[ATM]:[07/28/2020 12:19:15 PM]:DEBUG:creating entries....
[ATM]:[07/28/2020 12:19:15 PM]:DEBUG:creating buttons ....
[ATM]:[07/28/2020 12:19:29 PM]:INFO:user selected account type as Silver
[ATM]:[07/28/2020 12:19:29 PM]:DEBUG:creating a new account
[ATM]:[07/28/2020 12:19:29 PM]:INFO:checking first name...
[ATM]:[07/28/2020 12:19:29 PM]:WARNING:first name invalid : ''
[ATM]:[07/28/2020 12:19:29 PM]:DEBUG:checking CNIC : 1111111111111
[ATM]:[07/28/2020 12:19:29 PM]:INFO:CNIC checked...
[ATM]:[07/28/2020 12:19:29 PM]:WARNING:user entered invalid name
[ATM]:[07/28/2020 12:19:38 PM]:INFO:user selected account type as Silver
[ATM]:[07/28/2020 12:19:38 PM]:DEBUG:creating a new account
[ATM]:[07/28/2020 12:19:38 PM]:INFO:checking first name...
[ATM]:[07/28/2020 12:19:38 PM]:INFO:checking last name...
[ATM]:[07/28/2020 12:19:38 PM]:INFO:return full name with no middle name
[ATM]:[07/28/2020 12:19:38 PM]:DEBUG:checking CNIC : 1111111111111
[ATM]:[07/28/2020 12:19:38 PM]:INFO:CNIC checked...
[ATM]:[07/28/2020 12:19:38 PM]:INFO:creating account number using name :a a
[ATM]:[07/28/2020 12:19:38 PM]:INFO:user entered correct information and now prompting user for pin...
[ATM]:[07/28/2020 12:19:38 PM]:DEBUG:creating entries...
[ATM]:[07/28/2020 12:19:38 PM]:DEBUG:creating buttons....
[ATM]:[07/28/2020 12:19:49 PM]:INFO:pin matched successfully
[ATM]:[07/28/2020 12:19:49 PM]:INFO:account no generated successfully
[ATM]:[07/28/2020 12:19:56 PM]:DEBUG:writing data in file
[ATM]:[07/28/2020 12:19:56 PM]:INFO:data written successfully in file : userdata.csv
[ATM]:[07/28/2020 12:20:05 PM]:DEBUG:user selected login
[ATM]:[07/28/2020 12:20:05 PM]:DEBUG:username match found in data with name : a a
[ATM]:[07/28/2020 12:20:05 PM]:DEBUG:user entered correct pin
[ATM]:[07/28/2020 12:20:15 PM]:WARNING:couldn't recognize data in image file "Data\icon.ico"
[ATM]:[07/28/2020 12:20:15 PM]:DEBUG:creating entries....
[ATM]:[07/28/2020 12:20:15 PM]:DEBUG:creating buttons ....
[ATM]:[07/28/2020 12:20:29 PM]:INFO:user selected account type as Silver
[ATM]:[07/28/2020 12:20:29 PM]:DEBUG:creating a new account
[ATM]:[07/28/2020 12:20:29 PM]:INFO:checking first name...
[ATM]:[07/28/2020 12:20:29 PM]:INFO:checking last name...
[ATM]:[07/28/2020 12:20:29 PM]:INFO:return full name with no middle name
[ATM]:[07/28/2020 12:20:29 PM]:DEBUG:checking CNIC : 2222222222222
[ATM]:[07/28/2020 12:20:29 PM]:INFO:CNIC checked...
[ATM]:[07/28/2020 12:20:29 PM]:WARNING:user entered invalid username : 
[ATM]:[07/28/2020 12:20:36 PM]:INFO:user selected account type as Silver
[ATM]:[07/28/2020 12:20:36 PM]:DEBUG:creating a new account
[ATM]:[07/28/2020 12:20:36 PM]:INFO:checking first name...
[ATM]:[07/28/2020 12:20:36 PM]:INFO:checking last name...
[ATM]:[07/28/2020 12:20:36 PM]:INFO:return full name with no middle name
[ATM]:[07/28/2020 12:20:36 PM]:DEBUG:checking CNIC : 2222222222222
[ATM]:[07/28/2020 12:20:36 PM]:INFO:CNIC checked...
[ATM]:[07/28/2020 12:20:36 PM]:INFO:creating account number using name :a b
[ATM]:[07/28/2020 12:20:36 PM]:INFO:user entered correct information and now prompting user for pin...
[ATM]:[07/28/2020 12:20:36 PM]:DEBUG:creating entries...
[ATM]:[07/28/2020 12:20:36 PM]:DEBUG:creating buttons....
[ATM]:[07/28/2020 12:20:41 PM]:INFO:exiting window
[ATM]:[07/28/2020 12:25:15 PM]:WARNING:couldn't recognize data in image file "Data\icon.ico"
[ATM]:[07/28/2020 12:25:19 PM]:WARNING:couldn't recognize data in image file "Data\icon.ico"
[ATM]:[07/28/2020 12:25:19 PM]:DEBUG:creating entries....
[ATM]:[07/28/2020 12:25:19 PM]:DEBUG:creating buttons ....
[ATM]:[07/28/2020 12:25:35 PM]:INFO:user selected account type as Silver
[ATM]:[07/28/2020 12:25:35 PM]:DEBUG:creating a new account
[ATM]:[07/28/2020 12:25:35 PM]:INFO:checking first name...
[ATM]:[07/28/2020 12:25:35 PM]:INFO:checking last name...
[ATM]:[07/28/2020 12:25:35 PM]:INFO:return full name with no middle name
[ATM]:[07/28/2020 12:25:35 PM]:DEBUG:checking CNIC : 9999999999999
[ATM]:[07/28/2020 12:25:35 PM]:INFO:CNIC checked...
[ATM]:[07/28/2020 12:25:35 PM]:INFO:creating account number using name :a a
[ATM]:[07/28/2020 12:25:35 PM]:INFO:user entered correct information and now prompting user for pin...
[ATM]:[07/28/2020 12:25:35 PM]:DEBUG:creating entries...
[ATM]:[07/28/2020 12:25:35 PM]:DEBUG:creating buttons....
[ATM]:[07/28/2020 12:25:41 PM]:INFO:exiting window
[ATM]:[07/28/2020 12:26:25 PM]:WARNING:couldn't recognize data in image file "Data\icon.ico"
[ATM]:[07/28/2020 12:26:27 PM]:WARNING:couldn't recognize data in image file "Data\icon.ico"
[ATM]:[07/28/2020 12:26:27 PM]:DEBUG:creating entries....
[ATM]:[07/28/2020 12:26:27 PM]:DEBUG:creating buttons ....
[ATM]:[07/28/2020 12:26:49 PM]:DEBUG:creating a new account
[ATM]:[07/28/2020 12:26:49 PM]:INFO:checking first name...
[ATM]:[07/28/2020 12:26:49 PM]:INFO:checking last name...
[ATM]:[07/28/2020 12:26:49 PM]:INFO:return full name with no middle name
[ATM]:[07/28/2020 12:26:49 PM]:DEBUG:checking CNIC : 2333333333333
[ATM]:[07/28/2020 12:26:49 PM]:INFO:CNIC checked...
[ATM]:[07/28/2020 12:26:49 PM]:INFO:creating account number using name :q w
[ATM]:[07/28/2020 12:26:49 PM]:INFO:user entered correct information and now prompting user for pin...
[ATM]:[07/28/2020 12:26:49 PM]:DEBUG:creating entries...
[ATM]:[07/28/2020 12:26:49 PM]:DEBUG:creating buttons....
[ATM]:[07/28/2020 12:26:52 PM]:WARNING:pin did not match
[ATM]:[07/28/2020 12:26:56 PM]:INFO:exiting window
[ATM]:[07/28/2020 12:33:31 PM]:WARNING:couldn't recognize data in image file "Data\icon.ico"
[ATM]:[07/28/2020 12:33:33 PM]:WARNING:couldn't recognize data in image file "Data\icon.ico"
[ATM]:[07/28/2020 12:33:33 PM]:DEBUG:creating entries....
[ATM]:[07/28/2020 12:34:01 PM]:INFO:exiting window
[ATM]:[07/28/2020 12:35:08 PM]:WARNING:couldn't recognize data in image file "Data\icon.ico"
[ATM]:[07/28/2020 12:35:10 PM]:WARNING:couldn't recognize data in image file "Data\icon.ico"
[ATM]:[07/28/2020 12:35:10 PM]:DEBUG:creating entries....
[ATM]:[07/28/2020 12:35:27 PM]:INFO:exiting window
[ATM]:[07/28/2020 12:35:43 PM]:WARNING:couldn't recognize data in image file "Data\icon.ico"
[ATM]:[07/28/2020 12:35:46 PM]:WARNING:couldn't recognize data in image file "Data\icon.ico"
[ATM]:[07/28/2020 12:35:46 PM]:DEBUG:creating entries....
[ATM]:[07/28/2020 12:35:59 PM]:DEBUG:creating a new account
[ATM]:[07/28/2020 12:35:59 PM]:INFO:checking first name...
[ATM]:[07/28/2020 12:35:59 PM]:INFO:checking last name...
[ATM]:[07/28/2020 12:35:59 PM]:INFO:return full name with no middle name
[ATM]:[07/28/2020 12:35:59 PM]:DEBUG:checking CNIC : 1111111111111
[ATM]:[07/28/2020 12:35:59 PM]:INFO:CNIC checked...
[ATM]:[07/28/2020 12:35:59 PM]:INFO:creating account number using name :q q
[ATM]:[07/28/2020 12:35:59 PM]:INFO:user entered correct information and now prompting user for pin...
[ATM]:[07/28/2020 12:35:59 PM]:DEBUG:creating entries...
[ATM]:[07/28/2020 12:35:59 PM]:DEBUG:creating buttons....
[ATM]:[07/28/2020 12:36:08 PM]:INFO:pin matched successfully
[ATM]:[07/28/2020 12:36:08 PM]:INFO:account no generated successfully
[ATM]:[07/28/2020 12:36:12 PM]:DEBUG:writing data in file
[ATM]:[07/28/2020 12:36:12 PM]:INFO:data written successfully in file : userdata.csv
[ATM]:[07/28/2020 12:36:20 PM]:DEBUG:user selected login
[ATM]:[07/28/2020 12:36:20 PM]:DEBUG:username match found in data with name : q q
[ATM]:[07/28/2020 12:36:20 PM]:DEBUG:user entered correct pin
[ATM]:[07/28/2020 12:38:51 PM]:WARNING:couldn't recognize data in image file "Data\icon.ico"
[ATM]:[07/28/2020 12:38:53 PM]:WARNING:couldn't recognize data in image file "Data\icon.ico"
[ATM]:[07/28/2020 12:38:53 PM]:DEBUG:creating entries....
[ATM]:[07/28/2020 12:39:08 PM]:DEBUG:creating a new account
[ATM]:[07/28/2020 12:39:08 PM]:INFO:checking first name...
[ATM]:[07/28/2020 12:39:08 PM]:INFO:checking last name...
[ATM]:[07/28/2020 12:39:08 PM]:INFO:return full name with no middle name
[ATM]:[07/28/2020 12:39:08 PM]:DEBUG:checking CNIC : 1111111111111
[ATM]:[07/28/2020 12:39:08 PM]:INFO:CNIC checked...
[ATM]:[07/28/2020 12:39:08 PM]:INFO:creating account number using name :q q
[ATM]:[07/28/2020 12:39:08 PM]:INFO:user entered correct information and now prompting user for pin...
[ATM]:[07/28/2020 12:39:08 PM]:DEBUG:creating entries...
[ATM]:[07/28/2020 12:39:08 PM]:DEBUG:creating buttons....
[ATM]:[07/28/2020 12:39:14 PM]:INFO:pin matched successfully
[ATM]:[07/28/2020 12:39:14 PM]:INFO:account no generated successfully
[ATM]:[07/28/2020 12:39:15 PM]:DEBUG:writing data in file
[ATM]:[07/28/2020 12:39:15 PM]:INFO:data written successfully in file : userdata.csv
[ATM]:[07/28/2020 12:39:32 PM]:DEBUG:user selected login
[ATM]:[07/28/2020 12:41:13 PM]:WARNING:couldn't recognize data in image file "Data\icon.ico"
[ATM]:[07/28/2020 12:41:24 PM]:DEBUG:user selected login
[ATM]:[07/28/2020 12:44:20 PM]:WARNING:couldn't recognize data in image file "Data\icon.ico"
[ATM]:[07/28/2020 12:44:33 PM]:DEBUG:user selected login
[ATM]:[07/28/2020 12:44:33 PM]:WARNING:no match found with username:1111111111111
[ATM]:[07/28/2020 12:44:39 PM]:WARNING:couldn't recognize data in image file "Data\icon.ico"
[ATM]:[07/28/2020 12:44:39 PM]:DEBUG:creating entries....
[ATM]:[07/28/2020 12:44:57 PM]:INFO:exiting window
[ATM]:[07/28/2020 12:46:03 PM]:WARNING:couldn't recognize data in image file "Data\icon.ico"
[ATM]:[07/28/2020 12:46:06 PM]:WARNING:couldn't recognize data in image file "Data\icon.ico"
[ATM]:[07/28/2020 12:46:06 PM]:DEBUG:creating entries....
[ATM]:[07/28/2020 12:46:26 PM]:DEBUG:creating a new account
[ATM]:[07/28/2020 12:46:26 PM]:INFO:checking first name...
[ATM]:[07/28/2020 12:46:26 PM]:INFO:checking last name...
[ATM]:[07/28/2020 12:46:26 PM]:INFO:return full name with no middle name
[ATM]:[07/28/2020 12:46:26 PM]:DEBUG:checking CNIC : 1234567890123
[ATM]:[07/28/2020 12:46:26 PM]:INFO:CNIC checked...
[ATM]:[07/28/2020 12:46:26 PM]:INFO:creating account number using name :q q
[ATM]:[07/28/2020 12:46:26 PM]:INFO:user entered correct information and now prompting user for pin...
[ATM]:[07/28/2020 12:46:26 PM]:DEBUG:creating entries...
[ATM]:[07/28/2020 12:46:26 PM]:DEBUG:creating buttons....
[ATM]:[07/28/2020 12:46:34 PM]:INFO:pin matched successfully
[ATM]:[07/28/2020 12:46:34 PM]:INFO:account no generated successfully
[ATM]:[07/28/2020 12:46:35 PM]:DEBUG:writing data in file
[ATM]:[07/28/2020 12:46:35 PM]:INFO:data written successfully in file : userdata.csv
[ATM]:[07/28/2020 12:46:52 PM]:DEBUG:user selected login
[ATM]:[07/28/2020 12:46:52 PM]:WARNING:no match found with username:1234567890123
[ATM]:[07/28/2020 12:47:08 PM]:DEBUG:user selected login
[ATM]:[07/28/2020 12:47:08 PM]:WARNING:no match found with username:panda
[ATM]:[07/28/2020 12:47:10 PM]:WARNING:couldn't recognize data in image file "Data\icon.ico"
[ATM]:[07/28/2020 12:47:10 PM]:DEBUG:creating entries....
[ATM]:[07/28/2020 12:47:27 PM]:DEBUG:creating a new account
[ATM]:[07/28/2020 12:47:27 PM]:INFO:checking first name...
[ATM]:[07/28/2020 12:47:27 PM]:INFO:checking last name...
[ATM]:[07/28/2020 12:47:27 PM]:INFO:return full name with no middle name
[ATM]:[07/28/2020 12:47:27 PM]:DEBUG:checking CNIC : 1234567890123
[ATM]:[07/28/2020 12:47:27 PM]:INFO:CNIC checked...
[ATM]:[07/28/2020 12:47:27 PM]:INFO:creating account number using name :q q
[ATM]:[07/28/2020 12:47:27 PM]:INFO:user entered correct information and now prompting user for pin...
[ATM]:[07/28/2020 12:47:27 PM]:DEBUG:creating entries...
[ATM]:[07/28/2020 12:47:27 PM]:DEBUG:creating buttons....
[ATM]:[07/28/2020 12:47:35 PM]:INFO:pin matched successfully
[ATM]:[07/28/2020 12:47:35 PM]:INFO:account no generated successfully
[ATM]:[07/28/2020 12:47:37 PM]:DEBUG:writing data in file
[ATM]:[07/28/2020 12:47:37 PM]:INFO:data written successfully in file : userdata.csv
[ATM]:[07/28/2020 12:47:43 PM]:DEBUG:user selected login
[ATM]:[07/28/2020 12:47:43 PM]:WARNING:no match found with username:zxc
[ATM]:[07/28/2020 12:47:57 PM]:DEBUG:user selected login
[ATM]:[07/28/2020 12:47:57 PM]:WARNING:no match found with username:1234567890123
[ATM]:[07/28/2020 12:51:17 PM]:WARNING:couldn't recognize data in image file "Data\icon.ico"
[ATM]:[07/28/2020 12:51:18 PM]:WARNING:couldn't recognize data in image file "Data\icon.ico"
[ATM]:[07/28/2020 12:51:18 PM]:DEBUG:creating entries....
[ATM]:[07/28/2020 12:51:38 PM]:DEBUG:creating a new account
[ATM]:[07/28/2020 12:51:38 PM]:INFO:checking first name...
[ATM]:[07/28/2020 12:51:38 PM]:INFO:checking last name...
[ATM]:[07/28/2020 12:51:38 PM]:INFO:return full name with no middle name
[ATM]:[07/28/2020 12:51:38 PM]:DEBUG:checking CNIC : 1234567890123
[ATM]:[07/28/2020 12:51:38 PM]:INFO:CNIC checked...
[ATM]:[07/28/2020 12:51:38 PM]:INFO:creating account number using name :Z Z
[ATM]:[07/28/2020 12:51:38 PM]:INFO:user entered correct information and now prompting user for pin...
[ATM]:[07/28/2020 12:51:38 PM]:DEBUG:creating entries...
[ATM]:[07/28/2020 12:51:38 PM]:DEBUG:creating buttons....
[ATM]:[07/28/2020 12:51:44 PM]:INFO:pin matched successfully
[ATM]:[07/28/2020 12:51:44 PM]:INFO:account no generated successfully
[ATM]:[07/28/2020 12:51:46 PM]:DEBUG:writing data in file
[ATM]:[07/28/2020 12:51:46 PM]:INFO:data written successfully in file : userdata.csv
[ATM]:[07/28/2020 12:51:54 PM]:DEBUG:user selected login
[ATM]:[07/28/2020 12:55:59 PM]:WARNING:couldn't recognize data in image file "Data\icon.ico"
[ATM]:[07/28/2020 12:56:06 PM]:WARNING:couldn't recognize data in image file "Data\icon.ico"
[ATM]:[07/28/2020 12:56:09 PM]:WARNING:couldn't recognize data in image file "Data\icon.ico"
[ATM]:[07/28/2020 12:56:09 PM]:DEBUG:creating entries....
[ATM]:[07/28/2020 12:56:42 PM]:INFO:exiting window
[ATM]:[07/28/2020 12:59:31 PM]:WARNING:couldn't recognize data in image file "Data\icon.ico"
[ATM]:[07/28/2020 12:59:33 PM]:WARNING:couldn't recognize data in image file "Data\icon.ico"
[ATM]:[07/28/2020 12:59:33 PM]:DEBUG:creating entries....
[ATM]:[07/28/2020 01:00:55 PM]:WARNING:couldn't recognize data in image file "Data\icon.ico"
[ATM]:[07/28/2020 01:00:58 PM]:WARNING:couldn't recognize data in image file "Data\icon.ico"
[ATM]:[07/28/2020 01:00:58 PM]:DEBUG:creating entries....
[ATM]:[07/28/2020 01:01:36 PM]:WARNING:couldn't recognize data in image file "Data\icon.ico"
[ATM]:[07/28/2020 01:01:38 PM]:WARNING:couldn't recognize data in image file "Data\icon.ico"
[ATM]:[07/28/2020 01:01:38 PM]:DEBUG:creating entries....
[ATM]:[07/28/2020 01:02:05 PM]:WARNING:couldn't recognize data in image file "Data\icon.ico"
[ATM]:[07/28/2020 01:02:08 PM]:WARNING:couldn't recognize data in image file "Data\icon.ico"
[ATM]:[07/28/2020 01:02:08 PM]:DEBUG:creating entries....
[ATM]:[07/28/2020 01:03:00 PM]:WARNING:couldn't recognize data in image file "Data\icon.ico"
[ATM]:[07/28/2020 01:03:01 PM]:WARNING:couldn't recognize data in image file "Data\icon.ico"
[ATM]:[07/28/2020 01:03:01 PM]:DEBUG:creating entries....
[ATM]:[07/28/2020 01:03:43 PM]:WARNING:couldn't recognize data in image file "Data\icon.ico"
[ATM]:[07/28/2020 01:03:45 PM]:WARNING:couldn't recognize data in image file "Data\icon.ico"
[ATM]:[07/28/2020 01:03:45 PM]:DEBUG:creating entries....
[ATM]:[07/28/2020 01:04:12 PM]:DEBUG:creating a new account
[ATM]:[07/28/2020 01:04:12 PM]:INFO:checking first name...
[ATM]:[07/28/2020 01:04:12 PM]:INFO:checking last name...
[ATM]:[07/28/2020 01:04:12 PM]:INFO:return full name with no middle name
[ATM]:[07/28/2020 01:04:12 PM]:DEBUG:checking CNIC : 12345678
[ATM]:[07/28/2020 01:04:12 PM]:WARNING:invalid CNIC : 12345678
[ATM]:[07/28/2020 01:04:12 PM]:WARNING:user entered invalid CARD NUMBER : False
[ATM]:[07/28/2020 01:05:12 PM]:WARNING:couldn't recognize data in image file "Data\icon.ico"
[ATM]:[07/28/2020 01:05:14 PM]:WARNING:couldn't recognize data in image file "Data\icon.ico"
[ATM]:[07/28/2020 01:05:14 PM]:DEBUG:creating entries....
[ATM]:[07/28/2020 01:05:28 PM]:DEBUG:creating a new account
[ATM]:[07/28/2020 01:05:28 PM]:INFO:checking first name...
[ATM]:[07/28/2020 01:05:28 PM]:INFO:checking last name...
[ATM]:[07/28/2020 01:05:28 PM]:INFO:return full name with no middle name
[ATM]:[07/28/2020 01:05:28 PM]:DEBUG:checking CNIC : 12345678
[ATM]:[07/28/2020 01:05:28 PM]:WARNING:invalid CNIC : 12345678
[ATM]:[07/28/2020 01:05:28 PM]:INFO:creating account number using name :q q
[ATM]:[07/28/2020 01:05:28 PM]:INFO:user entered correct information and now prompting user for pin...
[ATM]:[07/28/2020 01:05:28 PM]:DEBUG:creating entries...
[ATM]:[07/28/2020 01:05:28 PM]:DEBUG:creating buttons....
[ATM]:[07/28/2020 01:05:35 PM]:INFO:pin matched successfully
[ATM]:[07/28/2020 01:05:35 PM]:INFO:account no generated successfully
[ATM]:[07/28/2020 01:05:36 PM]:DEBUG:writing data in file
[ATM]:[07/28/2020 01:05:36 PM]:INFO:data written successfully in file : userdata.csv
[ATM]:[07/28/2020 01:05:50 PM]:DEBUG:user selected login
[ATM]:[07/28/2020 01:05:50 PM]:DEBUG:username match found in data with name : q q
[ATM]:[07/28/2020 01:05:50 PM]:DEBUG:user entered correct pin
[ATM]:[07/28/2020 01:06:13 PM]:WARNING:couldn't recognize data in image file "Data\icon.ico"
[ATM]:[07/28/2020 01:09:01 PM]:WARNING:couldn't recognize data in image file "Data\icon.ico"
[ATM]:[07/28/2020 01:09:58 PM]:WARNING:couldn't recognize data in image file "Data\icon.ico"
[ATM]:[07/28/2020 01:10:47 PM]:DEBUG:user selected login
[ATM]:[07/28/2020 01:10:47 PM]:DEBUG:username match found in data with name : q q
[ATM]:[07/28/2020 01:10:47 PM]:DEBUG:user entered correct pin
[ATM]:[07/28/2020 01:12:09 PM]:WARNING:couldn't recognize data in image file "Data\icon.ico"
[ATM]:[07/28/2020 01:12:18 PM]:WARNING:couldn't recognize data in image file "Data\icon.ico"
[ATM]:[07/28/2020 01:12:28 PM]:WARNING:couldn't recognize data in image file "Data\icon.ico"
[ATM]:[07/28/2020 01:12:28 PM]:DEBUG:creating entries....
[ATM]:[07/28/2020 01:12:31 PM]:INFO:exiting window
[ATM]:[07/28/2020 01:12:44 PM]:WARNING:couldn't recognize data in image file "Data\icon.ico"
[ATM]:[07/28/2020 01:13:44 PM]:WARNING:couldn't recognize data in image file "Data\icon.ico"
[ATM]:[07/28/2020 01:14:50 PM]:WARNING:couldn't recognize data in image file "Data\icon.ico"
[ATM]:[07/28/2020 01:15:05 PM]:WARNING:couldn't recognize data in image file "Data\icon.ico"
[ATM]:[07/28/2020 01:15:37 PM]:WARNING:couldn't recognize data in image file "Data\icon.ico"
[ATM]:[07/28/2020 01:15:50 PM]:WARNING:couldn't recognize data in image file "Data\icon.ico"
[ATM]:[07/28/2020 01:24:02 PM]:WARNING:couldn't recognize data in image file "Data\icon.ico"
[ATM]:[07/28/2020 01:25:46 PM]:WARNING:couldn't recognize data in image file "Data\icon.ico"
[ATM]:[07/28/2020 01:25:46 PM]:DEBUG:creating entries....
[ATM]:[07/28/2020 01:26:33 PM]:DEBUG:creating a new account
[ATM]:[07/28/2020 01:26:33 PM]:INFO:checking first name...
[ATM]:[07/28/2020 01:26:33 PM]:INFO:checking last name...
[ATM]:[07/28/2020 01:26:33 PM]:INFO:return full name with no middle name
[ATM]:[07/28/2020 01:26:33 PM]:DEBUG:checking CNIC : 12345678
[ATM]:[07/28/2020 01:26:33 PM]:WARNING:invalid CNIC : 12345678
[ATM]:[07/28/2020 01:26:33 PM]:WARNING:user entered invalid CARD NUMBER : False
[ATM]:[07/28/2020 01:26:42 PM]:DEBUG:creating a new account
[ATM]:[07/28/2020 01:26:42 PM]:INFO:checking first name...
[ATM]:[07/28/2020 01:26:42 PM]:INFO:checking last name...
[ATM]:[07/28/2020 01:26:42 PM]:INFO:return full name with no middle name
[ATM]:[07/28/2020 01:26:42 PM]:DEBUG:checking CNIC : 12345678
[ATM]:[07/28/2020 01:26:42 PM]:WARNING:invalid CNIC : 12345678
[ATM]:[07/28/2020 01:26:42 PM]:WARNING:user entered invalid CARD NUMBER : False
[ATM]:[07/28/2020 01:26:42 PM]:DEBUG:creating a new account
[ATM]:[07/28/2020 01:26:42 PM]:INFO:checking first name...
[ATM]:[07/28/2020 01:26:42 PM]:INFO:checking last name...
[ATM]:[07/28/2020 01:26:42 PM]:INFO:return full name with no middle name
[ATM]:[07/28/2020 01:26:42 PM]:DEBUG:checking CNIC : 12345678
[ATM]:[07/28/2020 01:26:42 PM]:WARNING:invalid CNIC : 12345678
[ATM]:[07/28/2020 01:26:42 PM]:WARNING:user entered invalid CARD NUMBER : False
